<?xml version="1.0" encoding="UTF-8"?>
<!-- Generated by org.testng.reporters.JUnitXMLReporter -->
<testsuite ignored="1" hostname="MAA2-5CG05165DH" failures="0" tests="2" name="Test-002" time="38.564" errors="0" timestamp="2024-10-05T00:38:09 IST">
  <testcase classname="testCasePackage.TC_001_AccountRegistration" name="Verify_acc_registration" time="2.049"/>
  <testcase classname="testCasePackage.TC_002_LoginTest" name="logintoaccount" time="1.483"/>
  <testcase classname="testCasePackage.TC_003_Login_data_driven_test" name="verify_loginDDT" time="0.0">
    <ignored/>
  </testcase> <!-- verify_loginDDT -->
</testsuite> <!-- Test-002 -->
