<?xml version="1.0" encoding="UTF-8"?>
<!-- Generated by org.testng.reporters.JUnitReportReporter -->
<testsuite hostname="MAA2-5CG05165DH" failures="0" tests="1" name="testCasePackage.TC_002_LoginTest" time="1.483" errors="0" timestamp="2024-10-05T00:38:09 IST" skipped="0">
  <testcase classname="testCasePackage.TC_002_LoginTest" name="logintoaccount" time="1.483"/>
</testsuite> <!-- testCasePackage.TC_002_LoginTest -->
