<?xml version="1.0" encoding="UTF-8"?>
<!-- Generated by org.testng.reporters.JUnitReportReporter -->
<testsuite hostname="MAA2-5CG05165DH" failures="0" tests="1" name="testCasePackage.TC_001_AccountRegistration" time="2.049" errors="0" timestamp="2024-10-05T00:38:09 IST" skipped="0">
  <testcase classname="testCasePackage.TC_001_AccountRegistration" name="Verify_acc_registration" time="2.049"/>
</testsuite> <!-- testCasePackage.TC_001_AccountRegistration -->
